LOG: *********BEGIN OF COMPILING PROCESS*********

LOG: *********Copying logo.png/logo.jpg*********

LOG: *********Deleting current PDF files*********

LOG: *********Counting annexes*********

LOG: *********2 annexes found*********


LOG: *********Compiling ̣1 from 2*********

LOG: *********No replacing list is needed*********

LOG: *********No replacing offer value into words is needed*********

LOG: *********Replacing TAG 1 from 15*********

LOG: *********TAG: NOMBRE-EMPRESA REP: ESTARTER S.A.S.*********

LOG: *********Replacing TAG 2 from 15*********

LOG: *********TAG: CIUDAD-EMPRESA REP: BOGOTÁ D.C.*********

LOG: *********Replacing TAG 3 from 15*********

LOG: *********TAG: REPRESENTANTE-LEGAL REP: MARIA HELENA JARAMILLO RODRIGUEZ*********

LOG: *********Replacing TAG 4 from 15*********

LOG: *********TAG: CARGO REP: GERENTE GENERAL*********

LOG: *********Replacing TAG 5 from 15*********

LOG: *********TAG: DIRECCION-EMPRESA REP: CALLE 19 4 75*********

LOG: *********Replacing TAG 6 from 15*********

LOG: *********TAG: POSTAL-CODE REP: 110111*********

LOG: *********Replacing TAG 7 from 15*********

LOG: *********TAG: INDICATIVO-Y-TELEFONO REP: (031)6722671*********

LOG: *********Replacing TAG 8 from 15*********

LOG: *********TAG: EMAIL-REPRESENTANTE REP: MJARAMILLO@ESTARTER.CO*********

LOG: *********Replacing TAG 9 from 15*********

LOG: *********TAG: WEB-EMPRESA REP: https://estarter.co/*********

LOG: *********Replacing TAG 10 from 15*********

LOG: *********TAG: REFERENCIA-LICITACION REP: PRESTACIÓN DEL SERVICIO DE TRANSPORTE TERRESTRE A FIN DE TRASLADAR DENTRO DE LA CIUDAD DE BOGOTA D.C. – INSTALACIONES DEL COMANDO AÉREO DE TRANSPORTE MILITAR (CATAM)*********

LOG: *********Replacing TAG 11 from 15*********

LOG: *********TAG: NUMERO-REFERENCIA REP: MINIMA No. 44-18*********

LOG: *********Replacing TAG 12 from 15*********

LOG: *********TAG: NIT-EMPRESA REP: 830532456-0*********

LOG: *********Replacing TAG 13 from 15*********

LOG: *********TAG: OFERENTE-LICITACION REP: MINDEFENSA*********

LOG: *********Replacing TAG 14 from 15*********

LOG: *********TAG: CEDULA-REPRESENTANTE REP: 1092543989*********

LOG: *********Replacing TAG 15 from 15*********

LOG: *********TAG: CIUDAD-CEDULA REP: BOGOTÁ D.C.*********

This is pdfTeX, Version 3.14159265-2.6-1.40.18 (TeX Live 2017/Debian) (preloaded format=pdflatex)
 restricted \write18 enabled.
entering extended mode
(/var/www/latex/anexo_1.tex
LaTeX2e <2017-04-15>
Babel <3.18> and hyphenation patterns for 7 language(s) loaded.
(/usr/share/texlive/texmf-dist/tex/latex/base/letter.cls
Document Class: letter 2014/09/29 v1.2z Standard LaTeX document class
(/usr/share/texlive/texmf-dist/tex/latex/base/size11.clo))
(/usr/share/texlive/texmf-dist/tex/latex/graphics/graphicx.sty
(/usr/share/texlive/texmf-dist/tex/latex/graphics/keyval.sty)
(/usr/share/texlive/texmf-dist/tex/latex/graphics/graphics.sty
(/usr/share/texlive/texmf-dist/tex/latex/graphics/trig.sty)
(/usr/share/texlive/texmf-dist/tex/latex/graphics-cfg/graphics.cfg)
(/usr/share/texlive/texmf-dist/tex/latex/graphics-def/pdftex.def)))
(/usr/share/texlive/texmf-dist/tex/latex/microtype/microtype.sty
(/usr/share/texlive/texmf-dist/tex/latex/microtype/microtype-pdftex.def)
(/usr/share/texlive/texmf-dist/tex/latex/microtype/microtype.cfg))
(/usr/share/texlive/texmf-dist/tex/latex/gfsdidot/gfsdidot.sty

  ****************************************************************
  * GFS-Didot style file by A. Tsolomitis and I. Vasilogiorgakis *
  *                                                              *
  * Mod. by A. Aubord for better work with OT1/T1/TS1 encodings. *
  *                                                              *
  ****************************************************************

(/usr/share/texlive/texmf-dist/tex/latex/base/ifthen.sty)
(/usr/share/texlive/texmf-dist/tex/latex/pxfonts/pxfonts.sty)
(/usr/share/texlive/texmf-dist/tex/latex/base/textcomp.sty
(/usr/share/texlive/texmf-dist/tex/latex/base/ts1enc.def))
Loading the definitions for the Greek font encoding
(/usr/share/texlive/texmf-dist/tex/latex/greek-fontenc/lgrenc.def
(/usr/share/texlive/texmf-dist/tex/latex/greek-fontenc/greek-fontenc.def)))
(/usr/share/texlive/texmf-dist/tex/latex/tools/enumerate.sty)
(/usr/share/texlive/texmf-dist/tex/latex/datetime/datetime.sty
(/usr/share/texlive/texmf-dist/tex/latex/etoolbox/etoolbox.sty)
(/usr/share/texlive/texmf-dist/tex/latex/fmtcount/fmtcount.sty
(/usr/share/texlive/texmf-dist/tex/latex/xkeyval/xkeyval.sty
(/usr/share/texlive/texmf-dist/tex/generic/xkeyval/xkeyval.tex
(/usr/share/texlive/texmf-dist/tex/generic/xkeyval/xkvutils.tex)))
(/usr/share/texlive/texmf-dist/tex/latex/fmtcount/fcprefix.sty
(/usr/share/texlive/texmf-dist/tex/latex/fmtcount/fcnumparser.sty))
(/usr/share/texlive/texmf-dist/tex/latex/amsmath/amsgen.sty))
(/usr/share/texlive/texmf-dist/tex/latex/datetime/datetime-defaults.sty))
(/usr/share/texlive/texmf-dist/tex/latex/base/fontenc.sty
(/usr/share/texlive/texmf-dist/tex/latex/base/t1enc.def))
(/usr/share/texlive/texmf-dist/tex/latex/base/inputenc.sty
(/usr/share/texlive/texmf-dist/tex/latex/base/utf8.def
(/usr/share/texlive/texmf-dist/tex/latex/base/t1enc.dfu)
(/usr/share/texlive/texmf-dist/tex/latex/base/ot1enc.dfu)
(/usr/share/texlive/texmf-dist/tex/latex/base/omsenc.dfu)
(/usr/share/texlive/texmf-dist/tex/latex/base/ts1enc.dfu)
(/usr/share/texlive/texmf-dist/tex/latex/greek-inputenc/lgrenc.dfu)))
(/usr/share/texlive/texmf-dist/tex/latex/fancyhdr/fancyhdr.sty)
(/usr/share/texlive/texmf-dist/tex/latex/lastpage/lastpage.sty)
No file anexo_1.aux.
(/usr/share/texlive/texmf-dist/tex/latex/pxfonts/omlpxmi.fd)
(/usr/share/texlive/texmf-dist/tex/latex/pxfonts/omspxsy.fd)
(/usr/share/texlive/texmf-dist/tex/latex/pxfonts/omxpxex.fd)
(/usr/share/texlive/texmf-dist/tex/latex/pxfonts/upxexa.fd)
(/usr/share/texlive/texmf-dist/tex/latex/base/ts1cmr.fd)
(/usr/share/texlive/texmf-dist/tex/latex/cbfonts-fd/lgrcmr.fd)
(/usr/share/texlive/texmf-dist/tex/latex/gfsdidot/t1udidot.fd)
(/usr/share/texlive/texmf-dist/tex/context/base/mkii/supp-pdf.mkii
[Loading MPS to PDF converter (version 2006.09.02).]
) (/usr/share/texlive/texmf-dist/tex/latex/oberdiek/epstopdf-base.sty
(/usr/share/texlive/texmf-dist/tex/generic/oberdiek/infwarerr.sty)
(/usr/share/texlive/texmf-dist/tex/latex/oberdiek/grfext.sty
(/usr/share/texlive/texmf-dist/tex/generic/oberdiek/kvdefinekeys.sty
(/usr/share/texlive/texmf-dist/tex/generic/oberdiek/ltxcmds.sty)))
(/usr/share/texlive/texmf-dist/tex/latex/oberdiek/kvoptions.sty
(/usr/share/texlive/texmf-dist/tex/generic/oberdiek/kvsetkeys.sty
(/usr/share/texlive/texmf-dist/tex/generic/oberdiek/etexcmds.sty
(/usr/share/texlive/texmf-dist/tex/generic/oberdiek/ifluatex.sty))))
(/usr/share/texlive/texmf-dist/tex/generic/oberdiek/pdftexcmds.sty
(/usr/share/texlive/texmf-dist/tex/generic/oberdiek/ifpdf.sty))
(/usr/share/texlive/texmf-dist/tex/latex/latexconfig/epstopdf-sys.cfg))
(/usr/share/texlive/texmf-dist/tex/latex/fmtcount/fc-english.def)
! Missing number, treated as zero.
<to be read again> 
                   }
l.175 \opening{ }
                 
! Illegal unit of measure (pt inserted).
<to be read again> 
                   }
l.175 \opening{ }
                 
(/usr/share/texlive/texmf-dist/tex/latex/pxfonts/t1pxtt.fd)
Underfull \hbox (badness 10000) in paragraph at lines 188--207


Underfull \hbox (badness 10000) in paragraph at lines 188--207


Underfull \hbox (badness 10000) in paragraph at lines 188--207

[1{/var/lib/texmf/fonts/map/pdftex/updmap/pdftex.map} <./logo.png> <./licitamat
ic.jpeg>]

LaTeX Warning: Reference `LastPage' on page 2 undefined on input line 274.

[2]
Underfull \hbox (badness 10000) in paragraph at lines 308--316

(/usr/share/texlive/texmf-dist/tex/latex/gfsdidot/ot1udidot.fd)
(/usr/share/texlive/texmf-dist/tex/latex/gfsdidot/omludidot.fd)
(/usr/share/texlive/texmf-dist/tex/latex/pxfonts/ot1pxr.fd)
(/usr/share/texlive/texmf-dist/tex/latex/microtype/mt-ppl.cfg)
(/usr/share/texlive/texmf-dist/tex/latex/pxfonts/upxmia.fd)
(/usr/share/texlive/texmf-dist/tex/latex/pxfonts/upxsya.fd)
(/usr/share/texlive/texmf-dist/tex/latex/pxfonts/upxsyb.fd)
(/usr/share/texlive/texmf-dist/tex/latex/pxfonts/upxsyc.fd)

LaTeX Warning: Reference `LastPage' on page 3 undefined on input line 330.

[3]

Package lastpage Warning: Rerun to get the references right on input line 331.


AED: lastpage setting LastPage
(./anexo_1.aux)

LaTeX Warning: There were undefined references.


LaTeX Warning: Label(s) may have changed. Rerun to get cross-references right.

 )
(see the transcript file for additional information){/usr/share/texlive/texmf-d
ist/fonts/enc/dvips/gfsdidot/didotec.enc}</usr/share/texlive/texmf-dist/fonts/t
ype1/public/gfsdidot/GFSDidot-Bold.pfb></usr/share/texlive/texmf-dist/fonts/typ
e1/public/gfsdidot/GFSDidot.pfb></usr/share/texlive/texmf-dist/fonts/type1/publ
ic/txfonts/t1xtt.pfb>
Output written on anexo_1.pdf (3 pages, 175339 bytes).
Transcript written on anexo_1.log.
LOG: *********Holding back TAG 1 from 15*********

LOG: *********Holding back TAG 2 from 15*********

LOG: *********Holding back TAG 3 from 15*********

LOG: *********Holding back TAG 4 from 15*********

LOG: *********Holding back TAG 5 from 15*********

LOG: *********Holding back TAG 6 from 15*********

LOG: *********Holding back TAG 7 from 15*********

LOG: *********Holding back TAG 8 from 15*********

LOG: *********Holding back TAG 9 from 15*********

LOG: *********Holding back TAG 10 from 15*********

LOG: *********Holding back TAG 11 from 15*********

LOG: *********Holding back TAG 12 from 15*********

LOG: *********Holding back TAG 13 from 15*********

LOG: *********Holding back TAG 14 from 15*********

LOG: *********Holding back TAG 15 from 15*********


LOG: *********Compiling 2 from 2*********


LOG: *********Replacing list is needed, calling genNewTex*********

/usr/bin/genNewTex: line 15: /var/www/html/downloads/lic_00001/buildAnnexes.log: No such file or directory
/usr/bin/genNewTex: line 18: /var/www/html/downloads/lic_00001/buildAnnexes.log: No such file or directory
/usr/bin/genNewTex: line 24: /var/www/html/downloads/lic_00001/buildAnnexes.log: No such file or directory
/usr/bin/genNewTex: line 25: /var/www/html/downloads/lic_00001/buildAnnexes.log: No such file or directory
/usr/bin/genNewTex: line 24: /var/www/html/downloads/lic_00001/buildAnnexes.log: No such file or directory
/usr/bin/genNewTex: line 25: /var/www/html/downloads/lic_00001/buildAnnexes.log: No such file or directory
/usr/bin/genNewTex: line 37: /var/www/html/downloads/lic_00001/buildAnnexes.log: No such file or directory
LOG: *********Replacing TAG 1 from 15*********

LOG: *********TAG: NOMBRE-EMPRESA REP: ESTARTER S.A.S.*********

LOG: *********Replacing TAG 2 from 15*********

LOG: *********TAG: CIUDAD-EMPRESA REP: BOGOTÁ D.C.*********

LOG: *********Replacing TAG 3 from 15*********

LOG: *********TAG: REPRESENTANTE-LEGAL REP: MARIA HELENA JARAMILLO RODRIGUEZ*********

LOG: *********Replacing TAG 4 from 15*********

LOG: *********TAG: CARGO REP: GERENTE GENERAL*********

LOG: *********Replacing TAG 5 from 15*********

LOG: *********TAG: DIRECCION-EMPRESA REP: CALLE 19 4 75*********

LOG: *********Replacing TAG 6 from 15*********

LOG: *********TAG: POSTAL-CODE REP: 110111*********

LOG: *********Replacing TAG 7 from 15*********

LOG: *********TAG: INDICATIVO-Y-TELEFONO REP: (031)6722671*********

LOG: *********Replacing TAG 8 from 15*********

LOG: *********TAG: EMAIL-REPRESENTANTE REP: MJARAMILLO@ESTARTER.CO*********

LOG: *********Replacing TAG 9 from 15*********

LOG: *********TAG: WEB-EMPRESA REP: https://estarter.co/*********

LOG: *********Replacing TAG 10 from 15*********

LOG: *********TAG: REFERENCIA-LICITACION REP: PRESTACIÓN DEL SERVICIO DE TRANSPORTE TERRESTRE A FIN DE TRASLADAR DENTRO DE LA CIUDAD DE BOGOTA D.C. – INSTALACIONES DEL COMANDO AÉREO DE TRANSPORTE MILITAR (CATAM)*********

LOG: *********Replacing TAG 11 from 15*********

LOG: *********TAG: NUMERO-REFERENCIA REP: MINIMA No. 44-18*********

LOG: *********Replacing TAG 12 from 15*********

LOG: *********TAG: NIT-EMPRESA REP: 830532456-0*********

LOG: *********Replacing TAG 13 from 15*********

LOG: *********TAG: OFERENTE-LICITACION REP: MINDEFENSA*********

LOG: *********Replacing TAG 14 from 15*********

LOG: *********TAG: CEDULA-REPRESENTANTE REP: 1092543989*********

LOG: *********Replacing TAG 15 from 15*********

LOG: *********TAG: CIUDAD-CEDULA REP: BOGOTÁ D.C.*********

This is pdfTeX, Version 3.14159265-2.6-1.40.18 (TeX Live 2017/Debian) (preloaded format=pdflatex)
 restricted \write18 enabled.
entering extended mode
(/var/www/latex/anexo_2_mod.tex
LaTeX2e <2017-04-15>
Babel <3.18> and hyphenation patterns for 7 language(s) loaded.
(/usr/share/texlive/texmf-dist/tex/latex/base/letter.cls
Document Class: letter 2014/09/29 v1.2z Standard LaTeX document class
(/usr/share/texlive/texmf-dist/tex/latex/base/size11.clo))
(/usr/share/texlive/texmf-dist/tex/latex/graphics/graphicx.sty
(/usr/share/texlive/texmf-dist/tex/latex/graphics/keyval.sty)
(/usr/share/texlive/texmf-dist/tex/latex/graphics/graphics.sty
(/usr/share/texlive/texmf-dist/tex/latex/graphics/trig.sty)
(/usr/share/texlive/texmf-dist/tex/latex/graphics-cfg/graphics.cfg)
(/usr/share/texlive/texmf-dist/tex/latex/graphics-def/pdftex.def)))
(/usr/share/texlive/texmf-dist/tex/latex/microtype/microtype.sty
(/usr/share/texlive/texmf-dist/tex/latex/microtype/microtype-pdftex.def)
(/usr/share/texlive/texmf-dist/tex/latex/microtype/microtype.cfg))
(/usr/share/texlive/texmf-dist/tex/latex/gfsdidot/gfsdidot.sty

  ****************************************************************
  * GFS-Didot style file by A. Tsolomitis and I. Vasilogiorgakis *
  *                                                              *
  * Mod. by A. Aubord for better work with OT1/T1/TS1 encodings. *
  *                                                              *
  ****************************************************************

(/usr/share/texlive/texmf-dist/tex/latex/base/ifthen.sty)
(/usr/share/texlive/texmf-dist/tex/latex/pxfonts/pxfonts.sty)
(/usr/share/texlive/texmf-dist/tex/latex/base/textcomp.sty
(/usr/share/texlive/texmf-dist/tex/latex/base/ts1enc.def))
Loading the definitions for the Greek font encoding
(/usr/share/texlive/texmf-dist/tex/latex/greek-fontenc/lgrenc.def
(/usr/share/texlive/texmf-dist/tex/latex/greek-fontenc/greek-fontenc.def)))
(/usr/share/texlive/texmf-dist/tex/latex/tools/enumerate.sty)
(/usr/share/texlive/texmf-dist/tex/latex/datetime/datetime.sty
(/usr/share/texlive/texmf-dist/tex/latex/etoolbox/etoolbox.sty)
(/usr/share/texlive/texmf-dist/tex/latex/fmtcount/fmtcount.sty
(/usr/share/texlive/texmf-dist/tex/latex/xkeyval/xkeyval.sty
(/usr/share/texlive/texmf-dist/tex/generic/xkeyval/xkeyval.tex
(/usr/share/texlive/texmf-dist/tex/generic/xkeyval/xkvutils.tex)))
(/usr/share/texlive/texmf-dist/tex/latex/fmtcount/fcprefix.sty
(/usr/share/texlive/texmf-dist/tex/latex/fmtcount/fcnumparser.sty))
(/usr/share/texlive/texmf-dist/tex/latex/amsmath/amsgen.sty))
(/usr/share/texlive/texmf-dist/tex/latex/datetime/datetime-defaults.sty))
(/usr/share/texlive/texmf-dist/tex/latex/base/fontenc.sty
(/usr/share/texlive/texmf-dist/tex/latex/base/t1enc.def))
(/usr/share/texlive/texmf-dist/tex/latex/base/inputenc.sty
(/usr/share/texlive/texmf-dist/tex/latex/base/utf8.def
(/usr/share/texlive/texmf-dist/tex/latex/base/t1enc.dfu)
(/usr/share/texlive/texmf-dist/tex/latex/base/ot1enc.dfu)
(/usr/share/texlive/texmf-dist/tex/latex/base/omsenc.dfu)
(/usr/share/texlive/texmf-dist/tex/latex/base/ts1enc.dfu)
(/usr/share/texlive/texmf-dist/tex/latex/greek-inputenc/lgrenc.dfu)))
(/usr/share/texlive/texmf-dist/tex/latex/koma-script/scrextend.sty
(/usr/share/texlive/texmf-dist/tex/latex/koma-script/scrkbase.sty
(/usr/share/texlive/texmf-dist/tex/latex/koma-script/scrbase.sty
(/usr/share/texlive/texmf-dist/tex/latex/koma-script/scrlfile.sty))))
(/usr/share/texlive/texmf-dist/tex/latex/fancyhdr/fancyhdr.sty)
(/usr/share/texlive/texmf-dist/tex/latex/lastpage/lastpage.sty)
No file anexo_2_mod.aux.
(/usr/share/texlive/texmf-dist/tex/latex/pxfonts/omlpxmi.fd)
(/usr/share/texlive/texmf-dist/tex/latex/pxfonts/omspxsy.fd)
(/usr/share/texlive/texmf-dist/tex/latex/pxfonts/omxpxex.fd)
(/usr/share/texlive/texmf-dist/tex/latex/pxfonts/upxexa.fd)
(/usr/share/texlive/texmf-dist/tex/latex/base/ts1cmr.fd)
(/usr/share/texlive/texmf-dist/tex/latex/cbfonts-fd/lgrcmr.fd)
(/usr/share/texlive/texmf-dist/tex/latex/gfsdidot/t1udidot.fd)
(/usr/share/texlive/texmf-dist/tex/context/base/mkii/supp-pdf.mkii
[Loading MPS to PDF converter (version 2006.09.02).]
) (/usr/share/texlive/texmf-dist/tex/latex/oberdiek/epstopdf-base.sty
(/usr/share/texlive/texmf-dist/tex/generic/oberdiek/infwarerr.sty)
(/usr/share/texlive/texmf-dist/tex/latex/oberdiek/grfext.sty
(/usr/share/texlive/texmf-dist/tex/generic/oberdiek/kvdefinekeys.sty
(/usr/share/texlive/texmf-dist/tex/generic/oberdiek/ltxcmds.sty)))
(/usr/share/texlive/texmf-dist/tex/latex/oberdiek/kvoptions.sty
(/usr/share/texlive/texmf-dist/tex/generic/oberdiek/kvsetkeys.sty
(/usr/share/texlive/texmf-dist/tex/generic/oberdiek/etexcmds.sty
(/usr/share/texlive/texmf-dist/tex/generic/oberdiek/ifluatex.sty))))
(/usr/share/texlive/texmf-dist/tex/generic/oberdiek/pdftexcmds.sty
(/usr/share/texlive/texmf-dist/tex/generic/oberdiek/ifpdf.sty))
(/usr/share/texlive/texmf-dist/tex/latex/latexconfig/epstopdf-sys.cfg))
(/usr/share/texlive/texmf-dist/tex/latex/fmtcount/fc-english.def)
! Missing number, treated as zero.
<to be read again> 
                   }
l.176 \opening{ }
                 
! Illegal unit of measure (pt inserted).
<to be read again> 
                   }
l.176 \opening{ }
                 
(/usr/share/texlive/texmf-dist/tex/latex/pxfonts/t1pxtt.fd)

! LaTeX Error: There's no line here to end.

See the LaTeX manual or LaTeX Companion for explanation.
Type  H <return>  for immediate help.
 ...                                              
                                                  
l.193 S
       eñores

Underfull \hbox (badness 10000) in paragraph at lines 193--205


Underfull \hbox (badness 10000) in paragraph at lines 193--205


Underfull \hbox (badness 10000) in paragraph at lines 193--205


Underfull \hbox (badness 10000) in paragraph at lines 206--218


Underfull \hbox (badness 10000) in paragraph at lines 206--218

(/usr/share/texlive/texmf-dist/tex/latex/gfsdidot/uudidotnums.fd)
Underfull \hbox (badness 10000) in paragraph at lines 219--219


Underfull \hbox (badness 10000) in paragraph at lines 219--220

[1{/var/lib/texmf/fonts/map/pdftex/updmap/pdftex.map} <./logo.png> <./licitamat
ic.jpeg>] (/usr/share/texlive/texmf-dist/tex/latex/gfsdidot/ot1udidot.fd)
(/usr/share/texlive/texmf-dist/tex/latex/gfsdidot/omludidot.fd)
(/usr/share/texlive/texmf-dist/tex/latex/pxfonts/ot1pxr.fd)
(/usr/share/texlive/texmf-dist/tex/latex/microtype/mt-ppl.cfg)
(/usr/share/texlive/texmf-dist/tex/latex/pxfonts/upxmia.fd)
(/usr/share/texlive/texmf-dist/tex/latex/pxfonts/upxsya.fd)
(/usr/share/texlive/texmf-dist/tex/latex/pxfonts/upxsyb.fd)
(/usr/share/texlive/texmf-dist/tex/latex/pxfonts/upxsyc.fd)

LaTeX Warning: Reference `LastPage' on page 2 undefined on input line 244.

[2]

Package lastpage Warning: Rerun to get the references right on input line 245.


AED: lastpage setting LastPage
(./anexo_2_mod.aux)

LaTeX Warning: There were undefined references.


LaTeX Warning: Label(s) may have changed. Rerun to get cross-references right.

 )
(see the transcript file for additional information){/usr/share/texlive/texmf-d
ist/fonts/enc/dvips/gfsdidot/didottabnums.enc}{/usr/share/texlive/texmf-dist/fo
nts/enc/dvips/gfsdidot/didotec.enc}</usr/share/texlive/texmf-dist/fonts/type1/p
ublic/gfsdidot/GFSDidot-Bold.pfb></usr/share/texlive/texmf-dist/fonts/type1/pub
lic/gfsdidot/GFSDidot.pfb></usr/share/texlive/texmf-dist/fonts/type1/public/txf
onts/t1xtt.pfb>
Output written on anexo_2_mod.pdf (2 pages, 176587 bytes).
Transcript written on anexo_2_mod.log.
LOG: *********Holding back TAG 1 from 15*********

LOG: *********Holding back TAG 2 from 15*********

LOG: *********Holding back TAG 3 from 15*********

LOG: *********Holding back TAG 4 from 15*********

LOG: *********Holding back TAG 5 from 15*********

LOG: *********Holding back TAG 6 from 15*********

LOG: *********Holding back TAG 7 from 15*********

LOG: *********Holding back TAG 8 from 15*********

LOG: *********Holding back TAG 9 from 15*********

LOG: *********Holding back TAG 10 from 15*********

LOG: *********Holding back TAG 11 from 15*********

LOG: *********Holding back TAG 12 from 15*********

LOG: *********Holding back TAG 13 from 15*********

LOG: *********Holding back TAG 14 from 15*********

LOG: *********Holding back TAG 15 from 15*********

LOG: *********Changing back modified PDF name*********

LOG: *********Deleting modified .tex*********

LOG: *********Moving PDF output files to download path*********

LOG: *********Deleting compile aux files*********

LOG: *********Generating output link*********

ln: failed to create symbolic link '/var/www/html/lic_0001/lic_00001': File exists
